<?xml version="1.0" encoding="UTF-8"?>
<!-- Generated by org.testng.reporters.JUnitXMLReporter -->
<testsuite ignored="0" hostname="Priyanka" failures="0" tests="4" name="Surefire test" time="34.151" errors="0" timestamp="2024-10-24T15:54:00 IST">
  <testcase classname="EntrataTest" name="testHomePageTitle" time="8.42"/>
  <testcase classname="EntrataTest" name="testCareerPage" time="10.674"/>
  <testcase classname="EntrataTest" name="testBlogPage" time="6.659"/>
  <testcase classname="EntrataTest" name="testSignIn" time="6.582"/>
</testsuite> <!-- Surefire test -->
